<?xml version="1.0" encoding="UTF-8"?>
<!-- Generated by org.testng.reporters.JUnitReportReporter -->
<testsuite hostname="DESKTOP-TPI7KOG" failures="0" tests="1" name="cucumberoptions.TestNgTestRunner" time="66.481" errors="0" timestamp="2023-10-06T17:10:11 IST" skipped="0">
  <testcase classname="cucumberoptions.TestNgTestRunner" name="runScenario" time="66.481"/>
  <system-out/>
</testsuite> <!-- cucumberoptions.TestNgTestRunner -->
